E:\USERS\Никита\DOCUMENTS\VISUAL STUDIO 2010\PROJECTS\Заставка\DEBUG\Заставка.EXE
E:\USERS\НИКИТА\DOCUMENTS\VISUAL STUDIO 2010\PROJECTS\ЗАСТАВКА\DEBUG\ЗАСТАВКА.PDB
E:\Users\Никита\Documents\Visual Studio 2010\Projects\Заставка\Заставка\Debug\cl.command.1.tlog
E:\Users\Никита\Documents\Visual Studio 2010\Projects\Заставка\Заставка\Debug\CL.read.1.tlog
E:\Users\Никита\Documents\Visual Studio 2010\Projects\Заставка\Заставка\Debug\CL.write.1.tlog
E:\Users\Никита\Documents\Visual Studio 2010\Projects\Заставка\Заставка\Debug\link.command.1.tlog
E:\Users\Никита\Documents\Visual Studio 2010\Projects\Заставка\Заставка\Debug\link.read.1.tlog
E:\Users\Никита\Documents\Visual Studio 2010\Projects\Заставка\Заставка\Debug\link.write.1.tlog
E:\USERS\Никита\DOCUMENTS\VISUAL STUDIO 2010\PROJECTS\Заставка\Заставка\DEBUG\MAIN.OBJ
E:\Users\Никита\Documents\Visual Studio 2010\Projects\Заставка\Заставка\Debug\mt.command.1.tlog
E:\Users\Никита\Documents\Visual Studio 2010\Projects\Заставка\Заставка\Debug\mt.read.1.tlog
E:\Users\Никита\Documents\Visual Studio 2010\Projects\Заставка\Заставка\Debug\mt.write.1.tlog
E:\Users\Никита\Documents\Visual Studio 2010\Projects\Заставка\Заставка\Debug\rc.command.1.tlog
E:\Users\Никита\Documents\Visual Studio 2010\Projects\Заставка\Заставка\Debug\rc.read.1.tlog
E:\Users\Никита\Documents\Visual Studio 2010\Projects\Заставка\Заставка\Debug\rc.write.1.tlog
E:\Users\Никита\Documents\Visual Studio 2010\Projects\Заставка\Заставка\Debug\vc100.idb
E:\USERS\НИКИТА\DOCUMENTS\VISUAL STUDIO 2010\PROJECTS\ЗАСТАВКА\ЗАСТАВКА\DEBUG\VC100.PDB
E:\Users\Никита\Documents\Visual Studio 2010\Projects\Заставка\Заставка\Debug\Заставка.exe.embed.manifest
E:\USERS\Никита\DOCUMENTS\VISUAL STUDIO 2010\PROJECTS\Заставка\Заставка\DEBUG\Заставка.EXE.EMBED.MANIFEST.RES
E:\USERS\Никита\DOCUMENTS\VISUAL STUDIO 2010\PROJECTS\Заставка\Заставка\DEBUG\Заставка.EXE.INTERMEDIATE.MANIFEST
E:\Users\Никита\Documents\Visual Studio 2010\Projects\Заставка\Заставка\Debug\Заставка.vcxprojResolveAssemblyReference.cache
E:\Users\Никита\Documents\Visual Studio 2010\Projects\Заставка\Заставка\Debug\Заставка.write.1.tlog
E:\Users\Никита\Documents\Visual Studio 2010\Projects\Заставка\Заставка\Debug\Заставка_manifest.rc
